
	Client 1;	Client 2;	Client 3;	
Client 1;	inf		10		150		
Client 2;	10		inf		140		
Client 3;	150		140		inf		
	Fournisseur
Client 1;	100
Client 2;	100
Client 3;	100
Debut -> Client 1; -> Client 2; -> Fin
Debut -> Client 1; -> Client 2; -> Client 3; -> Fin
Debut -> Client 2; -> Client 1; -> Fin
Debut -> Client 2; -> Client 3; -> Fin
Debut -> Client 3; -> Client 2; -> Client 1; -> Fin
Debut -> Client 3; -> Client 2; -> Fin
Difference de sol: 9522.03
Coût total de la solution: 4974.32
Fini
######################################
Solution courante:
------------> 	0	 <------------ 
0:  DEPLACEMENT depuis le Fournisseur vers Client 2; (Chemin direct) (distance :100)
------------> 	100	 <------------ 
100:  DEPOT de Produit 0 chez Client 2; (avant 477.974)
100:  DEPOT de Produit 4 chez Client 2; (avant 558.928)
100:  DEPOT de Produit 7 chez Client 2; (avant 630.874)
100:  DEPLACEMENT de Client 2; vers Client 3; (Chemin : Client 2; -> Fournisseur -> Client 3; ) (distance :200)
------------> 	300	 <------------ 
300:  DEPOT de Produit 2 chez Client 3; (avant 522.916)
300:  DEPOT de Produit 5 chez Client 3; (avant 570.484)
300:  DEPOT de Produit 8 chez Client 3; (avant 660.82)
300:  DEPLACEMENT de Client 3; vers Client 1; (Chemin : Client 3; -> Fournisseur -> Client 1; ) (distance :200)
------------> 	500	 <------------ 
500:  DEPOT de Produit 1 chez Client 1; (avant 500)
500:  DEPOT de Produit 3 chez Client 1; (avant 524.865)
500:  DEPOT de Produit 6 chez Client 1; (avant 593.025)
500:  DEPOT de Produit 9 chez Client 1; (avant 690.603)
500:  DEPLACEMENT de Client 1; vers le Fournisseur (Chemin direct) (distance :100)

######################################
Iteration 0
On applique la meilleure modification possible
Best candidat:
################
SWAP | gain: 0
-> Depart:100
<- Arrivée:300
################
bestSolution found
La modification a été appliquée et retenue.

sCandidate : 5874.32 | sBest : 5874.32
######################################
Solution courante:
------------> 	0	 <------------ 
0:  DEPLACEMENT depuis le Fournisseur vers Client 3; (Chemin direct) (distance :100)
------------> 	100	 <------------ 
100:  DEPOT de Produit 2 chez Client 3; (avant 522.916)
100:  DEPOT de Produit 5 chez Client 3; (avant 570.484)
100:  DEPOT de Produit 8 chez Client 3; (avant 660.82)
100:  DEPLACEMENT de Client 3; vers Client 2; (Chemin : Fournisseur ) (distance :200)
------------> 	300	 <------------ 
300:  DEPOT de Produit 0 chez Client 2; (avant 477.974)
300:  DEPOT de Produit 4 chez Client 2; (avant 558.928)
300:  DEPOT de Produit 7 chez Client 2; (avant 630.874)
300:  DEPLACEMENT de Client 2; vers Client 1; (Chemin : Fournisseur ) (distance :200)
------------> 	500	 <------------ 
500:  DEPOT de Produit 1 chez Client 1; (avant 500)
500:  DEPOT de Produit 3 chez Client 1; (avant 524.865)
500:  DEPOT de Produit 6 chez Client 1; (avant 593.025)
500:  DEPOT de Produit 9 chez Client 1; (avant 690.603)
500:  DEPLACEMENT de Client 1; vers le Fournisseur (Chemin direct) (distance :100)

######################################
Iteration 1
On applique la meilleure modification possible
Best candidat:
################
SWAP | gain: 900
-> Depart:100
<- Arrivée:300
################
bestSolution found
La modification a été appliquée et retenue.

sCandidate : 4974.32 | sBest : 5874.32
######################################
Solution courante:
------------> 	0	 <------------ 
0:  DEPLACEMENT depuis le Fournisseur vers Client 2; (Chemin direct) (distance :100)
------------> 	100	 <------------ 
100:  DEPOT de Produit 0 chez Client 2; (avant 477.974)
100:  DEPOT de Produit 4 chez Client 2; (avant 558.928)
100:  DEPOT de Produit 7 chez Client 2; (avant 630.874)
100:  DEPLACEMENT de Client 2; vers Client 3; (Chemin : Fournisseur ) (distance :200)
------------> 	300	 <------------ 
300:  DEPOT de Produit 2 chez Client 3; (avant 522.916)
300:  DEPOT de Produit 5 chez Client 3; (avant 570.484)
300:  DEPOT de Produit 8 chez Client 3; (avant 660.82)
300:  DEPLACEMENT de Client 3; vers Client 1; (Chemin : Fournisseur ) (distance :200)
------------> 	500	 <------------ 
500:  DEPOT de Produit 1 chez Client 1; (avant 500)
500:  DEPOT de Produit 3 chez Client 1; (avant 524.865)
500:  DEPOT de Produit 6 chez Client 1; (avant 593.025)
500:  DEPOT de Produit 9 chez Client 1; (avant 690.603)
500:  DEPLACEMENT de Client 1; vers le Fournisseur (Chemin direct) (distance :100)

######################################
Iteration 2
On applique la meilleure modification possible
Best candidat:
################
SWAP | gain: 1800
-> Depart:300
<- Arrivée:500
################
bestSolution found
La modification a été appliquée et retenue.

sCandidate : 3174.32 | sBest : 4974.32
######################################
Solution courante:
------------> 	0	 <------------ 
0:  DEPLACEMENT depuis le Fournisseur vers Client 2; (Chemin direct) (distance :100)
------------> 	100	 <------------ 
100:  DEPOT de Produit 0 chez Client 2; (avant 477.974)
100:  DEPOT de Produit 4 chez Client 2; (avant 558.928)
100:  DEPOT de Produit 7 chez Client 2; (avant 630.874)
100:  DEPLACEMENT de Client 2; vers Client 1; (Chemin : Fournisseur ) (distance :200)
------------> 	300	 <------------ 
300:  DEPOT de Produit 1 chez Client 1; (avant 500)
300:  DEPOT de Produit 3 chez Client 1; (avant 524.865)
300:  DEPOT de Produit 6 chez Client 1; (avant 593.025)
300:  DEPOT de Produit 9 chez Client 1; (avant 690.603)
300:  DEPLACEMENT de Client 1; vers Client 3; (Chemin : Fournisseur ) (distance :200)
------------> 	500	 <------------ 
500:  DEPOT de Produit 2 chez Client 3; (avant 522.916)
500:  DEPOT de Produit 5 chez Client 3; (avant 570.484)
500:  DEPOT de Produit 8 chez Client 3; (avant 660.82)
500:  DEPLACEMENT de Client 3; vers le Fournisseur (Chemin direct) (distance :100)

######################################
Iteration 3
On applique la meilleure modification possible
Best candidat:
################
SWAP | gain: 900
-> Depart:100
<- Arrivée:300
################
bestSolution found
La modification a été appliquée et retenue.

sCandidate : 2274.32 | sBest : 3174.32
######################################
Solution courante:
------------> 	0	 <------------ 
0:  DEPLACEMENT depuis le Fournisseur vers Client 1; (Chemin direct) (distance :100)
------------> 	100	 <------------ 
100:  DEPOT de Produit 1 chez Client 1; (avant 500)
100:  DEPOT de Produit 3 chez Client 1; (avant 524.865)
100:  DEPOT de Produit 6 chez Client 1; (avant 593.025)
100:  DEPOT de Produit 9 chez Client 1; (avant 690.603)
100:  DEPLACEMENT de Client 1; vers Client 2; (Chemin : Fournisseur ) (distance :200)
------------> 	300	 <------------ 
300:  DEPOT de Produit 0 chez Client 2; (avant 477.974)
300:  DEPOT de Produit 4 chez Client 2; (avant 558.928)
300:  DEPOT de Produit 7 chez Client 2; (avant 630.874)
300:  DEPLACEMENT de Client 2; vers Client 3; (Chemin : Fournisseur ) (distance :200)
------------> 	500	 <------------ 
500:  DEPOT de Produit 2 chez Client 3; (avant 522.916)
500:  DEPOT de Produit 5 chez Client 3; (avant 570.484)
500:  DEPOT de Produit 8 chez Client 3; (avant 660.82)
500:  DEPLACEMENT de Client 3; vers le Fournisseur (Chemin direct) (distance :100)

######################################
Iteration 4
On applique la meilleure modification possible
Best candidat:
################
SWAP | gain: -1197.35
-> Depart:300
<- Arrivée:500
################
######################################
Solution courante:
------------> 	0	 <------------ 
0:  DEPLACEMENT depuis le Fournisseur vers Client 1; (Chemin direct) (distance :100)
------------> 	100	 <------------ 
100:  DEPOT de Produit 1 chez Client 1; (avant 522.026)
100:  DEPOT de Produit 3 chez Client 1; (avant 546.89)
100:  DEPOT de Produit 6 chez Client 1; (avant 615.051)
100:  DEPOT de Produit 9 chez Client 1; (avant 712.629)
100:  DEPLACEMENT de Client 1; vers Client 3; (Chemin : Fournisseur ) (distance :200)
------------> 	300	 <------------ 
300:  DEPOT de Produit 2 chez Client 3; (avant 544.941)
300:  DEPOT de Produit 5 chez Client 3; (avant 592.51)
300:  DEPOT de Produit 8 chez Client 3; (avant 682.846)
300:  DEPLACEMENT de Client 3; vers Client 2; (Chemin : Fournisseur ) (distance :200)
------------> 	500	 <------------ 
500:  DEPOT de Produit 0 chez Client 2; (avant 500)
500:  DEPOT de Produit 4 chez Client 2; (avant 580.954)
500:  DEPOT de Produit 7 chez Client 2; (avant 652.9)
500:  DEPLACEMENT de Client 2; vers le Fournisseur (Chemin direct) (distance :100)

######################################
Iteration 5
Nombre d'iteration: 5
------------> 	0	 <------------ 
0:  DEPLACEMENT depuis le Fournisseur vers Client 1; (Chemin direct) (distance :100)
------------> 	100	 <------------ 
100:  DEPOT de Produit 1 chez Client 1; (avant 500)
100:  DEPOT de Produit 3 chez Client 1; (avant 524.865)
100:  DEPOT de Produit 6 chez Client 1; (avant 593.025)
100:  DEPOT de Produit 9 chez Client 1; (avant 690.603)
100:  DEPLACEMENT de Client 1; vers Client 2; (Chemin : Fournisseur ) (distance :200)
------------> 	300	 <------------ 
300:  DEPOT de Produit 0 chez Client 2; (avant 477.974)
300:  DEPOT de Produit 4 chez Client 2; (avant 558.928)
300:  DEPOT de Produit 7 chez Client 2; (avant 630.874)
300:  DEPLACEMENT de Client 2; vers Client 3; (Chemin : Fournisseur ) (distance :200)
------------> 	500	 <------------ 
500:  DEPOT de Produit 2 chez Client 3; (avant 522.916)
500:  DEPOT de Produit 5 chez Client 3; (avant 570.484)
500:  DEPOT de Produit 8 chez Client 3; (avant 660.82)
500:  DEPLACEMENT de Client 3; vers le Fournisseur (Chemin direct) (distance :100)

Coût total de la solution: 2274.32
